[debug] [2023-01-11T23:25:41.228Z] ----------------------------------------------------------------------
[debug] [2023-01-11T23:25:41.230Z] Command:       /usr/local/bin/node /usr/local/bin/firebase emulators:start --only functions
[debug] [2023-01-11T23:25:41.231Z] CLI Version:   11.19.0
[debug] [2023-01-11T23:25:41.231Z] Platform:      darwin
[debug] [2023-01-11T23:25:41.231Z] Node Version:  v18.12.0
[debug] [2023-01-11T23:25:41.232Z] Time:          Wed Jan 11 2023 17:25:41 GMT-0600 (Central Standard Time)
[debug] [2023-01-11T23:25:41.233Z] ----------------------------------------------------------------------
[debug] 
[debug] [2023-01-11T23:25:41.237Z] >>> [apiv2][query] GET https://firebase-public.firebaseio.com/cli.json [none]
[debug] [2023-01-11T23:25:41.410Z] > command requires scopes: ["email","openid","https://www.googleapis.com/auth/cloudplatformprojects.readonly","https://www.googleapis.com/auth/firebase","https://www.googleapis.com/auth/cloud-platform"]
[debug] [2023-01-11T23:25:41.410Z] > authorizing via signed-in user (wawzeerh@gmail.com)
[info] i  emulators: Starting emulators: functions {"metadata":{"emulator":{"name":"hub"},"message":"Starting emulators: functions"}}
[debug] [2023-01-11T23:25:42.003Z] [logging] Logging Emulator only supports listening on one address (127.0.0.1). Not listening on ::1
[debug] [2023-01-11T23:25:42.004Z] assigned listening specs for emulators {"user":{"hub":[{"address":"127.0.0.1","family":"IPv4","port":4400},{"address":"::1","family":"IPv6","port":4400}],"ui":[{"address":"127.0.0.1","family":"IPv4","port":4000},{"address":"::1","family":"IPv6","port":4000}],"logging":[{"address":"127.0.0.1","family":"IPv4","port":4500}]},"metadata":{"message":"assigned listening specs for emulators"}}
[debug] [2023-01-11T23:25:42.022Z] [hub] writing locator at /var/folders/hm/7y90_rz10rs2q5jmc02rh2f80000gn/T/hub-replica-3c221.json
[debug] [2023-01-11T23:25:42.626Z] [functions] Functions Emulator only supports listening on one address (127.0.0.1). Not listening on ::1
[debug] [2023-01-11T23:25:42.628Z] [eventarc] Eventarc Emulator only supports listening on one address (127.0.0.1). Not listening on ::1
[debug] [2023-01-11T23:25:42.628Z] late-assigned ports for functions and eventarc emulators {"user":{"hub":[{"address":"127.0.0.1","family":"IPv4","port":4400},{"address":"::1","family":"IPv6","port":4400}],"ui":[{"address":"127.0.0.1","family":"IPv4","port":4000},{"address":"::1","family":"IPv6","port":4000}],"logging":[{"address":"127.0.0.1","family":"IPv4","port":4500}],"functions":[{"address":"127.0.0.1","family":"IPv4","port":5001}],"eventarc":[{"address":"127.0.0.1","family":"IPv4","port":9299}]},"metadata":{"message":"late-assigned ports for functions and eventarc emulators"}}
[warn] ⚠  functions: The following emulators are not running, calls to these services from the Functions emulator will affect production: auth, firestore, database, hosting, pubsub, storage {"metadata":{"emulator":{"name":"functions"},"message":"The following emulators are not running, calls to these services from the Functions emulator will affect production: \u001b[1mauth, firestore, database, hosting, pubsub, storage\u001b[22m"}}
[warn] ⚠  Your requested "node" version "16" doesn't match your global version "18". Using node@18 from host. {"metadata":{"emulator":{"name":"functions"},"message":"Your requested \"node\" version \"16\" doesn't match your global version \"18\". Using node@18 from host."}}
[debug] [2023-01-11T23:25:42.659Z] defaultcredentials: writing to file /Users/wondwossenwubishet/.config/firebase/wawzeerh_gmail_com_application_default_credentials.json
[debug] [2023-01-11T23:25:42.814Z] <<< [apiv2][status] GET https://firebase-public.firebaseio.com/cli.json 200
[debug] [2023-01-11T23:25:42.828Z] <<< [apiv2][body] GET https://firebase-public.firebaseio.com/cli.json {"cloudBuildErrorAfter":1594252800000,"cloudBuildWarnAfter":1590019200000,"defaultNode10After":1594252800000,"minVersion":"3.0.5","node8DeploysDisabledAfter":1613390400000,"node8RuntimeDisabledAfter":1615809600000,"node8WarnAfter":1600128000000}
[debug] [2023-01-11T23:25:42.897Z] Setting GAC to /Users/wondwossenwubishet/.config/firebase/wawzeerh_gmail_com_application_default_credentials.json {"metadata":{"emulator":{"name":"functions"},"message":"Setting GAC to /Users/wondwossenwubishet/.config/firebase/wawzeerh_gmail_com_application_default_credentials.json"}}
[debug] [2023-01-11T23:25:42.898Z] > refreshing access token with scopes: []
[debug] [2023-01-11T23:25:42.899Z] >>> [apiv2][query] POST https://www.googleapis.com/oauth2/v3/token [none]
[debug] [2023-01-11T23:25:42.900Z] >>> [apiv2][body] POST https://www.googleapis.com/oauth2/v3/token [omitted]
[debug] [2023-01-11T23:25:43.151Z] <<< [apiv2][status] POST https://www.googleapis.com/oauth2/v3/token 200
[debug] [2023-01-11T23:25:43.151Z] <<< [apiv2][body] POST https://www.googleapis.com/oauth2/v3/token [omitted]
[debug] [2023-01-11T23:25:43.190Z] >>> [apiv2][query] GET https://firebase.googleapis.com/v1beta1/projects/replica-3c221/adminSdkConfig [none]
[debug] [2023-01-11T23:25:43.474Z] <<< [apiv2][status] GET https://firebase.googleapis.com/v1beta1/projects/replica-3c221/adminSdkConfig 200
[debug] [2023-01-11T23:25:43.474Z] <<< [apiv2][body] GET https://firebase.googleapis.com/v1beta1/projects/replica-3c221/adminSdkConfig {"projectId":"replica-3c221","storageBucket":"replica-3c221.appspot.com"}
[debug] [2023-01-11T23:25:43.583Z] Ignoring unsupported arg: auto_download {"metadata":{"emulator":{"name":"ui"},"message":"Ignoring unsupported arg: auto_download"}}
[debug] [2023-01-11T23:25:43.584Z] Ignoring unsupported arg: port {"metadata":{"emulator":{"name":"ui"},"message":"Ignoring unsupported arg: port"}}
[debug] [2023-01-11T23:25:43.584Z] Starting Emulator UI with command {"binary":"node","args":["/Users/wondwossenwubishet/.cache/firebase/emulators/ui-v1.11.1/server/server.js"],"optionalArgs":[],"joinArgs":false} {"metadata":{"emulator":{"name":"ui"},"message":"Starting Emulator UI with command {\"binary\":\"node\",\"args\":[\"/Users/wondwossenwubishet/.cache/firebase/emulators/ui-v1.11.1/server/server.js\"],\"optionalArgs\":[],\"joinArgs\":false}"}}
[info] i  ui: Emulator UI logging to ui-debug.log {"metadata":{"emulator":{"name":"ui"},"message":"Emulator UI logging to \u001b[1mui-debug.log\u001b[22m"}}
[debug] [2023-01-11T23:25:44.016Z] Web / API server started at 127.0.0.1:4000
 {"metadata":{"emulator":{"name":"ui"},"message":"Web / API server started at 127.0.0.1:4000\n"}}
[debug] [2023-01-11T23:25:44.016Z] Web / API server started at ::1:4000
 {"metadata":{"emulator":{"name":"ui"},"message":"Web / API server started at ::1:4000\n"}}
[info] i  functions: Watching "/Users/wondwossenwubishet/Desktop/Home/Final_Projects/AmazonReplica/amzon-replica/functions" for Cloud Functions... {"metadata":{"emulator":{"name":"functions"},"message":"Watching \"/Users/wondwossenwubishet/Desktop/Home/Final_Projects/AmazonReplica/amzon-replica/functions\" for Cloud Functions..."}}
[debug] [2023-01-11T23:25:44.160Z] Validating nodejs source
[debug] [2023-01-11T23:25:46.295Z] > [functions] package.json contents: {
  "name": "functions",
  "description": "Cloud Functions for Firebase",
  "scripts": {
    "lint": "eslint .",
    "serve": "firebase emulators:start --only functions",
    "shell": "firebase functions:shell",
    "start": "npm run shell",
    "deploy": "firebase deploy --only functions",
    "logs": "firebase functions:log"
  },
  "engines": {
    "node": "16"
  },
  "main": "index.js",
  "dependencies": {
    "cors": "^2.8.5",
    "express": "^4.18.2",
    "firebase-admin": "^10.0.2",
    "firebase-functions": "^4.1.1",
    "stripe": "^11.6.0"
  },
  "devDependencies": {
    "eslint": "^8.9.0",
    "eslint-config-google": "^0.14.0",
    "firebase-functions-test": "^0.2.0"
  },
  "private": true
}
[debug] [2023-01-11T23:25:46.296Z] Building nodejs source
[debug] [2023-01-11T23:25:46.299Z] Could not find functions.yaml. Must use http discovery
[debug] [2023-01-11T23:25:47.061Z] Serving at port 9005

[debug] [2023-01-11T23:25:48.226Z] Got response from /__/functions.yaml {"endpoints":{"api":{"platform":"gcfv1","availableMemoryMb":null,"timeoutSeconds":null,"minInstances":null,"maxInstances":null,"ingressSettings":null,"serviceAccountEmail":null,"vpc":null,"httpsTrigger":{},"entryPoint":"api"}},"specVersion":"v1alpha1","requiredAPIs":[]}
[debug] [2023-01-11T23:25:48.234Z] shutdown requested via /__/quitquitquit

[info] ✔  functions: Loaded functions definitions from source: api. {"metadata":{"emulator":{"name":"functions"},"message":"Loaded functions definitions from source: api."}}
[info] ✔  functions[us-central1-api]: http function initialized (http://127.0.0.1:5001/replica-3c221/us-central1/api). {"metadata":{"emulator":{"name":"functions"},"message":"\u001b[1mhttp\u001b[22m function initialized (http://127.0.0.1:5001/replica-3c221/us-central1/api)."}}
[info] 
┌─────────────────────────────────────────────────────────────┐
│ ✔  All emulators ready! It is now safe to connect your app. │
│ i  View Emulator UI at http://127.0.0.1:4000/               │
└─────────────────────────────────────────────────────────────┘

┌───────────┬────────────────┬─────────────────────────────────┐
│ Emulator  │ Host:Port      │ View in Emulator UI             │
├───────────┼────────────────┼─────────────────────────────────┤
│ Functions │ 127.0.0.1:5001 │ http://127.0.0.1:4000/functions │
└───────────┴────────────────┴─────────────────────────────────┘
  Emulator Hub running at 127.0.0.1:4400
  Other reserved ports: 4500

Issues? Report them at https://github.com/firebase/firebase-tools/issues and attach the *-debug.log files.
 
[debug] [2023-01-11T23:26:14.569Z] [work-queue] {"queuedWork":["/replica-3c221/us-central1/api-2023-01-11T23:26:14.569Z"],"queueLength":1,"runningWork":[],"workRunningCount":0}
[debug] [2023-01-11T23:26:14.571Z] [work-queue] {"queuedWork":[],"queueLength":0,"runningWork":["/replica-3c221/us-central1/api-2023-01-11T23:26:14.569Z"],"workRunningCount":1}
[debug] [2023-01-11T23:26:14.572Z] Accepted request GET /replica-3c221/us-central1/api --> us-central1-api
[debug] [2023-01-11T23:26:14.591Z] [functions] Runtime ready! Sending request! {"metadata":{"emulator":{"name":"functions"},"message":"[functions] Runtime ready! Sending request!"}}
[debug] [2023-01-11T23:26:14.595Z] [functions] Got req.url=/replica-3c221/us-central1/api, mapping to path=/ {"metadata":{"emulator":{"name":"functions"},"message":"[functions] Got req.url=/replica-3c221/us-central1/api, mapping to path=/"}}
[debug] [2023-01-11T23:26:14.634Z] [worker-pool] addWorker(us-central1-api) {"metadata":{"emulator":{"name":"functions"},"message":"[worker-pool] addWorker(us-central1-api)"}}
[debug] [2023-01-11T23:26:14.637Z] [worker-pool] Adding worker with key us-central1-api, total=1 {"metadata":{"emulator":{"name":"functions"},"message":"[worker-pool] Adding worker with key us-central1-api, total=1"}}
[debug] [2023-01-11T23:26:19.716Z] [runtime-status] [89846] Resolved module firebase-admin {"declared":true,"installed":true,"version":"10.3.0","resolution":"/Users/wondwossenwubishet/Desktop/Home/Final_Projects/AmazonReplica/amzon-replica/functions/node_modules/firebase-admin/lib/index.js"} {"metadata":{"emulator":{"name":"functions"},"function":{"name":"us-central1-api"},"extension":{},"message":"[runtime-status] [89846] Resolved module firebase-admin {\"declared\":true,\"installed\":true,\"version\":\"10.3.0\",\"resolution\":\"/Users/wondwossenwubishet/Desktop/Home/Final_Projects/AmazonReplica/amzon-replica/functions/node_modules/firebase-admin/lib/index.js\"}"}}
[debug] [2023-01-11T23:26:19.717Z] [runtime-status] [89846] Resolved module firebase-functions {"declared":true,"installed":true,"version":"4.1.1","resolution":"/Users/wondwossenwubishet/Desktop/Home/Final_Projects/AmazonReplica/amzon-replica/functions/node_modules/firebase-functions/lib/v1/index.js"} {"metadata":{"emulator":{"name":"functions"},"function":{"name":"us-central1-api"},"extension":{},"message":"[runtime-status] [89846] Resolved module firebase-functions {\"declared\":true,\"installed\":true,\"version\":\"4.1.1\",\"resolution\":\"/Users/wondwossenwubishet/Desktop/Home/Final_Projects/AmazonReplica/amzon-replica/functions/node_modules/firebase-functions/lib/v1/index.js\"}"}}
[debug] [2023-01-11T23:26:19.718Z] [runtime-status] [89846] Outgoing network have been stubbed. [{"name":"http","status":"mocked"},{"name":"http","status":"mocked"},{"name":"https","status":"mocked"},{"name":"https","status":"mocked"},{"name":"net","status":"mocked"}] {"metadata":{"emulator":{"name":"functions"},"function":{"name":"us-central1-api"},"extension":{},"message":"[runtime-status] [89846] Outgoing network have been stubbed. [{\"name\":\"http\",\"status\":\"mocked\"},{\"name\":\"http\",\"status\":\"mocked\"},{\"name\":\"https\",\"status\":\"mocked\"},{\"name\":\"https\",\"status\":\"mocked\"},{\"name\":\"net\",\"status\":\"mocked\"}]"}}
[debug] [2023-01-11T23:26:19.720Z] [runtime-status] [89846] Resolved module firebase-functions {"declared":true,"installed":true,"version":"4.1.1","resolution":"/Users/wondwossenwubishet/Desktop/Home/Final_Projects/AmazonReplica/amzon-replica/functions/node_modules/firebase-functions/lib/v1/index.js"} {"metadata":{"emulator":{"name":"functions"},"function":{"name":"us-central1-api"},"extension":{},"message":"[runtime-status] [89846] Resolved module firebase-functions {\"declared\":true,\"installed\":true,\"version\":\"4.1.1\",\"resolution\":\"/Users/wondwossenwubishet/Desktop/Home/Final_Projects/AmazonReplica/amzon-replica/functions/node_modules/firebase-functions/lib/v1/index.js\"}"}}
[debug] [2023-01-11T23:26:20.574Z] [runtime-status] [89846] Checked functions.config() {"config":{}} {"metadata":{"emulator":{"name":"functions"},"function":{"name":"us-central1-api"},"extension":{},"message":"[runtime-status] [89846] Checked functions.config() {\"config\":{}}"}}
[debug] [2023-01-11T23:26:20.575Z] [runtime-status] [89846] firebase-functions has been stubbed. {"functionsResolution":{"declared":true,"installed":true,"version":"4.1.1","resolution":"/Users/wondwossenwubishet/Desktop/Home/Final_Projects/AmazonReplica/amzon-replica/functions/node_modules/firebase-functions/lib/v1/index.js"}} {"metadata":{"emulator":{"name":"functions"},"function":{"name":"us-central1-api"},"extension":{},"message":"[runtime-status] [89846] firebase-functions has been stubbed. {\"functionsResolution\":{\"declared\":true,\"installed\":true,\"version\":\"4.1.1\",\"resolution\":\"/Users/wondwossenwubishet/Desktop/Home/Final_Projects/AmazonReplica/amzon-replica/functions/node_modules/firebase-functions/lib/v1/index.js\"}}"}}
[debug] [2023-01-11T23:26:20.576Z] [runtime-status] [89846] Resolved module firebase-functions {"declared":true,"installed":true,"version":"4.1.1","resolution":"/Users/wondwossenwubishet/Desktop/Home/Final_Projects/AmazonReplica/amzon-replica/functions/node_modules/firebase-functions/lib/v1/index.js"} {"metadata":{"emulator":{"name":"functions"},"function":{"name":"us-central1-api"},"extension":{},"message":"[runtime-status] [89846] Resolved module firebase-functions {\"declared\":true,\"installed\":true,\"version\":\"4.1.1\",\"resolution\":\"/Users/wondwossenwubishet/Desktop/Home/Final_Projects/AmazonReplica/amzon-replica/functions/node_modules/firebase-functions/lib/v1/index.js\"}"}}
[debug] [2023-01-11T23:26:20.578Z] [runtime-status] [89846] Resolved module firebase-admin {"declared":true,"installed":true,"version":"10.3.0","resolution":"/Users/wondwossenwubishet/Desktop/Home/Final_Projects/AmazonReplica/amzon-replica/functions/node_modules/firebase-admin/lib/index.js"} {"metadata":{"emulator":{"name":"functions"},"function":{"name":"us-central1-api"},"extension":{},"message":"[runtime-status] [89846] Resolved module firebase-admin {\"declared\":true,\"installed\":true,\"version\":\"10.3.0\",\"resolution\":\"/Users/wondwossenwubishet/Desktop/Home/Final_Projects/AmazonReplica/amzon-replica/functions/node_modules/firebase-admin/lib/index.js\"}"}}
[debug] [2023-01-11T23:26:20.596Z] [runtime-status] [89846] Resolved module firebase-functions {"declared":true,"installed":true,"version":"4.1.1","resolution":"/Users/wondwossenwubishet/Desktop/Home/Final_Projects/AmazonReplica/amzon-replica/functions/node_modules/firebase-functions/lib/v1/index.js"} {"metadata":{"emulator":{"name":"functions"},"function":{"name":"us-central1-api"},"extension":{},"message":"[runtime-status] [89846] Resolved module firebase-functions {\"declared\":true,\"installed\":true,\"version\":\"4.1.1\",\"resolution\":\"/Users/wondwossenwubishet/Desktop/Home/Final_Projects/AmazonReplica/amzon-replica/functions/node_modules/firebase-functions/lib/v1/index.js\"}"}}
[debug] [2023-01-11T23:26:20.606Z] [runtime-status] [89846] firebase-admin has been stubbed. {"adminResolution":{"declared":true,"installed":true,"version":"10.3.0","resolution":"/Users/wondwossenwubishet/Desktop/Home/Final_Projects/AmazonReplica/amzon-replica/functions/node_modules/firebase-admin/lib/index.js"}} {"metadata":{"emulator":{"name":"functions"},"function":{"name":"us-central1-api"},"extension":{},"message":"[runtime-status] [89846] firebase-admin has been stubbed. {\"adminResolution\":{\"declared\":true,\"installed\":true,\"version\":\"10.3.0\",\"resolution\":\"/Users/wondwossenwubishet/Desktop/Home/Final_Projects/AmazonReplica/amzon-replica/functions/node_modules/firebase-admin/lib/index.js\"}}"}}
[debug] [2023-01-11T23:26:21.355Z] [runtime-status] [89846] Functions runtime initialized. {"cwd":"/Users/wondwossenwubishet/Desktop/Home/Final_Projects/AmazonReplica/amzon-replica/functions","node_version":"18.12.0"} {"metadata":{"emulator":{"name":"functions"},"function":{"name":"us-central1-api"},"extension":{},"message":"[runtime-status] [89846] Functions runtime initialized. {\"cwd\":\"/Users/wondwossenwubishet/Desktop/Home/Final_Projects/AmazonReplica/amzon-replica/functions\",\"node_version\":\"18.12.0\"}"}}
[debug] [2023-01-11T23:26:21.362Z] [runtime-status] [89846] Listening to port: /var/folders/hm/7y90_rz10rs2q5jmc02rh2f80000gn/T/fire_emu_625e8e82ac305606.sock {"metadata":{"emulator":{"name":"functions"},"function":{"name":"us-central1-api"},"extension":{},"message":"[runtime-status] [89846] Listening to port: /var/folders/hm/7y90_rz10rs2q5jmc02rh2f80000gn/T/fire_emu_625e8e82ac305606.sock"}}
[debug] [2023-01-11T23:26:21.420Z] [worker-us-central1-api-67d639ae-ea7d-4a62-8b84-ff9d5ed44ad7]: IDLE {"metadata":{"emulator":{"name":"functions"},"message":"[worker-us-central1-api-67d639ae-ea7d-4a62-8b84-ff9d5ed44ad7]: IDLE"}}
[debug] [2023-01-11T23:26:21.421Z] [worker-pool] submitRequest(triggerId=us-central1-api) {"metadata":{"emulator":{"name":"functions"},"message":"[worker-pool] submitRequest(triggerId=us-central1-api)"}}
[debug] [2023-01-11T23:26:21.421Z] [worker-us-central1-api-67d639ae-ea7d-4a62-8b84-ff9d5ed44ad7]: BUSY {"metadata":{"emulator":{"name":"functions"},"message":"[worker-us-central1-api-67d639ae-ea7d-4a62-8b84-ff9d5ed44ad7]: BUSY"}}
[info] i  functions: Beginning execution of "api" {"metadata":{"emulator":{"name":"functions"},"function":{"name":"us-central1-api"},"extension":{},"message":"Beginning execution of \"api\""}}
[debug] [2023-01-11T23:26:21.435Z] [worker-us-central1-api-67d639ae-ea7d-4a62-8b84-ff9d5ed44ad7]: IDLE {"metadata":{"emulator":{"name":"functions"},"message":"[worker-us-central1-api-67d639ae-ea7d-4a62-8b84-ff9d5ed44ad7]: IDLE"}}
[debug] [2023-01-11T23:26:21.435Z] [work-queue] {"queuedWork":[],"queueLength":0,"runningWork":[],"workRunningCount":0}
[info] i  functions: Finished "api" in 6.572501ms {"metadata":{"emulator":{"name":"functions"},"function":{"name":"us-central1-api"},"extension":{},"message":"Finished \"api\" in 6.572501ms"}}
[debug] [2023-01-11T23:26:22.190Z] Functions emulator received unknown request at path /favicon.ico
[debug] [2023-01-12T00:16:55.257Z] File /Users/wondwossenwubishet/Desktop/Home/Final_Projects/AmazonReplica/amzon-replica/functions/index.js changed, reloading triggers {"metadata":{"emulator":{"name":"functions"},"message":"File /Users/wondwossenwubishet/Desktop/Home/Final_Projects/AmazonReplica/amzon-replica/functions/index.js changed, reloading triggers"}}
[debug] [2023-01-12T00:16:56.266Z] Validating nodejs source
[debug] [2023-01-12T00:17:05.100Z] > [functions] package.json contents: {
  "name": "functions",
  "description": "Cloud Functions for Firebase",
  "scripts": {
    "lint": "eslint .",
    "serve": "firebase emulators:start --only functions",
    "shell": "firebase functions:shell",
    "start": "npm run shell",
    "deploy": "firebase deploy --only functions",
    "logs": "firebase functions:log"
  },
  "engines": {
    "node": "16"
  },
  "main": "index.js",
  "dependencies": {
    "cors": "^2.8.5",
    "express": "^4.18.2",
    "firebase-admin": "^10.0.2",
    "firebase-functions": "^4.1.1",
    "stripe": "^11.6.0"
  },
  "devDependencies": {
    "eslint": "^8.9.0",
    "eslint-config-google": "^0.14.0",
    "firebase-functions-test": "^0.2.0"
  },
  "private": true
}
[debug] [2023-01-12T00:17:05.101Z] Building nodejs source
[debug] [2023-01-12T00:17:05.106Z] Could not find functions.yaml. Must use http discovery
[debug] [2023-01-12T00:17:06.199Z] Serving at port 9005

[debug] [2023-01-12T00:17:07.791Z] Got response from /__/functions.yaml {"endpoints":{"api":{"platform":"gcfv1","availableMemoryMb":null,"timeoutSeconds":null,"minInstances":null,"maxInstances":null,"ingressSettings":null,"serviceAccountEmail":null,"vpc":null,"httpsTrigger":{},"entryPoint":"api"}},"specVersion":"v1alpha1","requiredAPIs":[]}
[debug] [2023-01-12T00:17:07.800Z] shutdown requested via /__/quitquitquit

[info] ✔  functions: Loaded functions definitions from source: api. {"metadata":{"emulator":{"name":"functions"},"message":"Loaded functions definitions from source: api."}}
[debug] [2023-01-12T00:17:07.851Z] [worker-pool] Shutting down IDLE worker (us-central1-api) {"metadata":{"emulator":{"name":"functions"},"message":"[worker-pool] Shutting down IDLE worker (us-central1-api)"}}
[debug] [2023-01-12T00:17:07.851Z] [worker-us-central1-api-67d639ae-ea7d-4a62-8b84-ff9d5ed44ad7]: FINISHING {"metadata":{"emulator":{"name":"functions"},"message":"[worker-us-central1-api-67d639ae-ea7d-4a62-8b84-ff9d5ed44ad7]: FINISHING"}}
[debug] [2023-01-12T00:17:07.874Z] [worker-us-central1-api-67d639ae-ea7d-4a62-8b84-ff9d5ed44ad7]: exited {"metadata":{"emulator":{"name":"functions"},"message":"[worker-us-central1-api-67d639ae-ea7d-4a62-8b84-ff9d5ed44ad7]: exited"}}
[debug] [2023-01-12T00:17:07.874Z] [worker-us-central1-api-67d639ae-ea7d-4a62-8b84-ff9d5ed44ad7]: FINISHED {"metadata":{"emulator":{"name":"functions"},"message":"[worker-us-central1-api-67d639ae-ea7d-4a62-8b84-ff9d5ed44ad7]: FINISHED"}}
[debug] [2023-01-12T02:24:20.366Z] Received signal SIGINT (Ctrl-C) 1
[info]  
[info] i  emulators: Received SIGINT (Ctrl-C) for the first time. Starting a clean shutdown. 
[info] i  emulators: Please wait for a clean shutdown or send the SIGINT (Ctrl-C) signal again to stop right now. 
[info] i  emulators: Shutting down emulators. {"metadata":{"emulator":{"name":"hub"},"message":"Shutting down emulators."}}
[info] i  ui: Stopping Emulator UI {"metadata":{"emulator":{"name":"ui"},"message":"Stopping Emulator UI"}}
[debug] [2023-01-12T02:24:20.378Z] Ignoring signal SIGINT due to short delay of 12ms
[warn] ⚠  Emulator UI has exited upon receiving signal: SIGINT 
[info] i  functions: Stopping Functions Emulator {"metadata":{"emulator":{"name":"functions"},"message":"Stopping Functions Emulator"}}
[info] i  eventarc: Stopping Eventarc Emulator {"metadata":{"emulator":{"name":"eventarc"},"message":"Stopping Eventarc Emulator"}}
[info] i  hub: Stopping emulator hub {"metadata":{"emulator":{"name":"hub"},"message":"Stopping emulator hub"}}
[info] i  logging: Stopping Logging Emulator {"metadata":{"emulator":{"name":"logging"},"message":"Stopping Logging Emulator"}}
